c:\users\test\desktop\grk\cgp\debug\vc120.pdb
c:\users\test\desktop\grk\cgp\debug\vc120.idb
c:\users\test\desktop\grk\cgp\debug\camera.obj
c:\users\test\desktop\grk\cgp\debug\main.obj
c:\users\test\desktop\grk\cgp\debug\picopng.obj
c:\users\test\desktop\grk\cgp\debug\render_utils.obj
c:\users\test\desktop\grk\cgp\debug\shader_loader.obj
c:\users\test\desktop\grk\cgp\debug\texture.obj
c:\users\test\desktop\grk\cgp_1\debug\vc120.pdb
c:\users\test\desktop\grk\cgp_1\debug\vc120.idb
c:\users\test\desktop\grk\cgp_1\debug\camera.obj
c:\users\test\desktop\grk\cgp_1\debug\main.obj
c:\users\test\desktop\grk\cgp_1\debug\picopng.obj
c:\users\test\desktop\grk\cgp_1\debug\render_utils.obj
c:\users\test\desktop\grk\cgp_1\debug\shader_loader.obj
c:\users\test\desktop\grk\cgp_1\debug\texture.obj
c:\users\test\desktop\grk\cgp\debug\cgp.exe
c:\users\test\desktop\grk\cgp\debug\cgp.pdb
c:\users\test\desktop\grk\cgp_1\debug\cgp.exe
c:\users\test\desktop\grk\cgp_1\debug\cgp.pdb
c:\users\test\desktop\grk\cgp_1\debug\main_7_1.obj
c:\users\test\desktop\grk\cgp_1\debug\grk-cw7.pdb
c:\users\test\desktop\grk\cgp_1\debug\cgp.tlog\cl.command.1.tlog
c:\users\test\desktop\grk\cgp_1\debug\cgp.tlog\cl.read.1.tlog
c:\users\test\desktop\grk\cgp_1\debug\cgp.tlog\cl.write.1.tlog
c:\users\test\desktop\grk\cgp_1\debug\cgp.tlog\link.command.1.tlog
c:\users\test\desktop\grk\cgp_1\debug\cgp.tlog\link.read.1.tlog
c:\users\test\desktop\grk\cgp_1\debug\cgp.tlog\link.write.1.tlog
